0 info it worked if it ends with ok
1 verbose cli [ '/usr/bin/nodejs', '/usr/bin/npm', 'install', 'n', '-g' ]
2 info using npm@1.4.21
3 info using node@v0.10.25
4 verbose cache add [ 'n', null ]
5 verbose cache add name=undefined spec="n" args=["n",null]
6 verbose parsed url { protocol: null,
6 verbose parsed url   slashes: null,
6 verbose parsed url   auth: null,
6 verbose parsed url   host: null,
6 verbose parsed url   port: null,
6 verbose parsed url   hostname: null,
6 verbose parsed url   hash: null,
6 verbose parsed url   search: null,
6 verbose parsed url   query: null,
6 verbose parsed url   pathname: 'n',
6 verbose parsed url   path: 'n',
6 verbose parsed url   href: 'n' }
7 silly lockFile d1854cae-n n
8 verbose lock n /home/gaurav/.npm/d1854cae-n.lock
9 silly lockFile d1854cae-n n
10 silly lockFile d1854cae-n n
11 verbose addNamed [ 'n', '' ]
12 verbose addNamed [ null, '*' ]
13 silly lockFile 6b58d7dc-n n@
14 verbose lock n@ /home/gaurav/.npm/6b58d7dc-n.lock
15 silly addNameRange { name: 'n', range: '*', hasData: false }
16 verbose request where is /n
17 verbose request registry https://registry.npmjs.org/
18 verbose request id 800ae0c20380ca8a
19 verbose url raw /n
20 verbose url resolving [ 'https://registry.npmjs.org/', './n' ]
21 verbose url resolved https://registry.npmjs.org/n
22 verbose request where is https://registry.npmjs.org/n
23 info trying registry request attempt 1 at 16:01:57
24 verbose etag W/"5976b208-116ae"
25 http GET https://registry.npmjs.org/n
26 http 304 https://registry.npmjs.org/n
27 silly registry.get cb [ 304,
27 silly registry.get   { date: 'Fri, 28 Jul 2017 10:31:58 GMT',
27 silly registry.get     via: '1.1 varnish',
27 silly registry.get     'cache-control': 'max-age=300',
27 silly registry.get     etag: 'W/"5976b208-116ae"',
27 silly registry.get     age: '18',
27 silly registry.get     connection: 'keep-alive',
27 silly registry.get     'x-served-by': 'cache-itm7427-ITM',
27 silly registry.get     'x-cache': 'HIT',
27 silly registry.get     'x-cache-hits': '2',
27 silly registry.get     'x-timer': 'S1501237919.974374,VS0,VE0',
27 silly registry.get     vary: 'Accept-Encoding, Accept' } ]
28 verbose etag https://registry.npmjs.org/n from cache
29 silly addNameRange number 2 { name: 'n', range: '*', hasData: true }
30 silly addNameRange versions [ 'n',
30 silly addNameRange   [ '0.0.1',
30 silly addNameRange     '0.0.2',
30 silly addNameRange     '0.0.3',
30 silly addNameRange     '0.0.4',
30 silly addNameRange     '0.1.0',
30 silly addNameRange     '0.1.1',
30 silly addNameRange     '0.1.2',
30 silly addNameRange     '0.2.0',
30 silly addNameRange     '0.2.1',
30 silly addNameRange     '0.2.2',
30 silly addNameRange     '0.3.0',
30 silly addNameRange     '0.4.0',
30 silly addNameRange     '0.4.1',
30 silly addNameRange     '0.4.2',
30 silly addNameRange     '0.5.0',
30 silly addNameRange     '0.5.1',
30 silly addNameRange     '0.5.2',
30 silly addNameRange     '0.5.3',
30 silly addNameRange     '0.5.4',
30 silly addNameRange     '0.6.0',
30 silly addNameRange     '0.6.1',
30 silly addNameRange     '0.7.0',
30 silly addNameRange     '0.7.1',
30 silly addNameRange     '0.7.2',
30 silly addNameRange     '0.7.3',
30 silly addNameRange     '0.8.0',
30 silly addNameRange     '0.8.1',
30 silly addNameRange     '0.8.2',
30 silly addNameRange     '0.9.0',
30 silly addNameRange     '0.9.1',
30 silly addNameRange     '0.9.2',
30 silly addNameRange     '0.9.3',
30 silly addNameRange     '1.0.0',
30 silly addNameRange     '1.1.0',
30 silly addNameRange     '1.2.1',
30 silly addNameRange     '1.2.2',
30 silly addNameRange     '1.2.3',
30 silly addNameRange     '1.2.4',
30 silly addNameRange     '1.2.5',
30 silly addNameRange     '1.2.6',
30 silly addNameRange     '1.2.7',
30 silly addNameRange     '1.2.8',
30 silly addNameRange     '1.2.9',
30 silly addNameRange     '1.2.11',
30 silly addNameRange     '1.2.13',
30 silly addNameRange     '1.2.14',
30 silly addNameRange     '1.3.0',
30 silly addNameRange     '1.4.0',
30 silly addNameRange     '2.0.0',
30 silly addNameRange     '1.4.1',
30 silly addNameRange     '2.0.1',
30 silly addNameRange     '1.4.2',
30 silly addNameRange     '2.0.2',
30 silly addNameRange     '2.1.0',
30 silly addNameRange     '2.1.1',
30 silly addNameRange     '2.1.2',
30 silly addNameRange     '2.1.3',
30 silly addNameRange     '2.1.4',
30 silly addNameRange     '2.1.5',
30 silly addNameRange     '2.1.6',
30 silly addNameRange     '2.1.7',
30 silly addNameRange     '2.1.8' ] ]
31 verbose addNamed [ 'n', '2.1.8' ]
32 verbose addNamed [ '2.1.8', '2.1.8' ]
33 silly lockFile af105cb9-n-2-1-8 n@2.1.8
34 verbose lock n@2.1.8 /home/gaurav/.npm/af105cb9-n-2-1-8.lock
35 silly lockFile af105cb9-n-2-1-8 n@2.1.8
36 silly lockFile af105cb9-n-2-1-8 n@2.1.8
37 silly lockFile 6b58d7dc-n n@
38 silly lockFile 6b58d7dc-n n@
39 silly resolved [ { name: 'n',
39 silly resolved     description: 'Interactively Manage All Your Node Versions',
39 silly resolved     version: '2.1.8',
39 silly resolved     author: { name: 'TJ Holowaychuk', email: 'tj@vision-media.ca' },
39 silly resolved     homepage: 'https://github.com/tj/n',
39 silly resolved     bugs: { url: 'https://github.com/tj/n/issues' },
39 silly resolved     contributors: [ [Object], [Object], [Object] ],
39 silly resolved     keywords:
39 silly resolved      [ 'nvm',
39 silly resolved        'node',
39 silly resolved        'version',
39 silly resolved        'manager',
39 silly resolved        'switcher',
39 silly resolved        'node',
39 silly resolved        'binary',
39 silly resolved        'env' ],
39 silly resolved     bin: { n: './bin/n' },
39 silly resolved     repository: { type: 'git', url: 'git://github.com/tj/n.git' },
39 silly resolved     preferGlobal: true,
39 silly resolved     os: [ '!win32' ],
39 silly resolved     engines: { node: '*' },
39 silly resolved     license: 'MIT',
39 silly resolved     gitHead: '14ab6ff01f3b673e2e29f465a00e0b29643bb8d9',
39 silly resolved     _id: 'n@2.1.8',
39 silly resolved     _npmVersion: '5.0.3',
39 silly resolved     _nodeVersion: '8.1.2',
39 silly resolved     _npmUser: { name: 'troy0820', email: 'troy0820@gmail.com' },
39 silly resolved     dist:
39 silly resolved      { integrity: 'sha512-VN3To6jBHSdTHmv+fT00V1nBdj3MWdcOlEKBEaUtXKRqQhuN289B9Jym9P/L3rXfafAsapmh4Fcr/DUR8DGJVg==',
39 silly resolved        shasum: '9b770f6ae0a93c49c64fb614625a63cc5a22d1fd',
39 silly resolved        tarball: 'https://registry.npmjs.org/n/-/n-2.1.8.tgz' },
39 silly resolved     maintainers: [ [Object], [Object], [Object], [Object], [Object], [Object] ],
39 silly resolved     _npmOperationalInternal:
39 silly resolved      { host: 's3://npm-registry-packages',
39 silly resolved        tmp: 'tmp/n-2.1.8.tgz_1498880450388_0.9696143395267427' },
39 silly resolved     directories: {},
39 silly resolved     _shasum: '9b770f6ae0a93c49c64fb614625a63cc5a22d1fd',
39 silly resolved     _from: 'n@',
39 silly resolved     _resolved: 'https://registry.npmjs.org/n/-/n-2.1.8.tgz',
39 silly resolved     readme: 'ERROR: No README data found!' } ]
40 info install n@2.1.8 into /usr/local/lib
41 info installOne n@2.1.8
42 verbose lib/node_modules/n unbuild
43 verbose tar unpack /home/gaurav/.npm/n/2.1.8/package.tgz
44 silly lockFile 9a5950d7-tar-usr-local-lib-node-modules-n tar:///usr/local/lib/node_modules/n
45 verbose lock tar:///usr/local/lib/node_modules/n /home/gaurav/.npm/9a5950d7-tar-usr-local-lib-node-modules-n.lock
46 silly lockFile eacdac25-e-gaurav-npm-n-2-1-8-package-tgz tar:///home/gaurav/.npm/n/2.1.8/package.tgz
47 verbose lock tar:///home/gaurav/.npm/n/2.1.8/package.tgz /home/gaurav/.npm/eacdac25-e-gaurav-npm-n-2-1-8-package-tgz.lock
48 silly gunzTarPerm modes [ '755', '644' ]
49 silly gunzTarPerm extractEntry package.json
50 silly gunzTarPerm extractEntry README.md
51 silly gunzTarPerm extractEntry .github/CONTRIBUTING.md
52 silly gunzTarPerm extractEntry .github/ISSUE_TEMPLATE.md
53 silly gunzTarPerm extractEntry .github/PULL_REQUEST_TEMPLATE.md
54 silly gunzTarPerm extractEntry Dockerfile
55 silly gunzTarPerm extractEntry Makefile
56 silly gunzTarPerm extractEntry bin/n
57 silly lockFile 9a5950d7-tar-usr-local-lib-node-modules-n tar:///usr/local/lib/node_modules/n
58 silly lockFile 9a5950d7-tar-usr-local-lib-node-modules-n tar:///usr/local/lib/node_modules/n
59 silly lockFile eacdac25-e-gaurav-npm-n-2-1-8-package-tgz tar:///home/gaurav/.npm/n/2.1.8/package.tgz
60 silly lockFile eacdac25-e-gaurav-npm-n-2-1-8-package-tgz tar:///home/gaurav/.npm/n/2.1.8/package.tgz
61 info preinstall n@2.1.8
62 verbose readDependencies using package.json deps
63 verbose readDependencies using package.json deps
64 silly resolved []
65 verbose about to build /usr/local/lib/node_modules/n
66 info build /usr/local/lib/node_modules/n
67 verbose linkStuff [ true,
67 verbose linkStuff   '/usr/local/lib/node_modules',
67 verbose linkStuff   true,
67 verbose linkStuff   '/usr/local/lib/node_modules' ]
68 info linkStuff n@2.1.8
69 verbose linkBins n@2.1.8
70 verbose link bins [ { n: './bin/n' }, '/usr/local/bin', true ]
71 verbose linkMans n@2.1.8
72 verbose rebuildBundles n@2.1.8
73 info install n@2.1.8
74 info postinstall n@2.1.8
75 error peerinvalid The package chart.js does not satisfy its siblings' peerDependencies requirements!
75 error peerinvalid Peer chartjs-node@1.4.1 wants chart.js@<=2.5.*
76 error System Linux 3.19.0-15-generic
77 error command "/usr/bin/nodejs" "/usr/bin/npm" "install" "n" "-g"
78 error cwd /home/gaurav/translate/project/static
79 error node -v v0.10.25
80 error npm -v 1.4.21
81 error code EPEERINVALID
82 verbose exit [ 1, true ]
